roomdatabase/build/intermediates/manifest_merge_blame_file/debug/manifest-merger-blame-debug-report.txt
1<?xml version="1.0" encoding="utf-8"?>
2<manifest xmlns:android="http://schemas.android.com/apk/res/android"
3    package="com.example.roomdatabase"
4    android:versionCode="1"
5    android:versionName="1.0" > <!-- <application> -->
6    <!-- <activity android:name=".MainActivity"></activity> -->
7    <!-- </application> -->
8    <uses-sdk
9        android:minSdkVersion="19"
9-->src\main\AndroidManifest.xml
10        android:targetSdkVersion="29" />
10-->src\main\AndroidManifest.xml
11
12</manifest>